# JRE version: OpenJDK Runtime Environment Temurin-17.0.10+7 (17.0.10+7) (build 17.0.10+7)
# Java VM: OpenJDK 64-Bit Server VM Temurin-17.0.10+7 (17.0.10+7, mixed mode, emulated-client, tiered, compressed oops, compressed class ptrs, g1 gc, windows-amd64)
GC Precious Log:
 CPUs: 4 total, 4 available
 Memory: 7591M
 Large Page Support: Disabled
 NUMA Support: Disabled
 Compressed Oops: Enabled (32-bit)
 Heap Region Size: 1M
 Heap Min Capacity: 8M
 Heap Initial Capacity: 120M
 Heap Max Capacity: 1G
 Pre-touch: Disabled
 Parallel Workers: 4
 Concurrent Workers: 1
 Concurrent Refinement Workers: 4
 Periodic GC: Disabled
Heap:
 garbage-first heap   total 75776K, used 24416K [0x00000000c0000000, 0x0000000100000000)
  region size 1024K, 1 young (1024K), 0 survivors (0K)
 Metaspace       used 38805K, committed 39424K, reserved 1114112K
  class space    used 5119K, committed 5376K, reserved 1048576K
GC Heap History (20 events):
Event: 788.471 GC heap before
{Heap before GC invocations=72 (full 62):
 garbage-first heap   total 75776K, used 24416K [0x00000000c0000000, 0x0000000100000000)
  region size 1024K, 1 young (1024K), 0 survivors (0K)
 Metaspace       used 38805K, committed 39424K, reserved 1114112K
  class space    used 5119K, committed 5376K, reserved 1048576K
}
Event: 788.499 GC heap after
{Heap after GC invocations=73 (full 63):
 garbage-first heap   total 75776K, used 24416K [0x00000000c0000000, 0x0000000100000000)
  region size 1024K, 0 young (0K), 0 survivors (0K)
 Metaspace       used 38805K, committed 39424K, reserved 1114112K
  class space    used 5119K, committed 5376K, reserved 1048576K
}
Event: 802.636 GC heap before
{Heap before GC invocations=73 (full 63):
 garbage-first heap   total 75776K, used 24416K [0x00000000c0000000, 0x0000000100000000)
  region size 1024K, 1 young (1024K), 0 survivors (0K)
 Metaspace       used 38805K, committed 39424K, reserved 1114112K
  class space    used 5119K, committed 5376K, reserved 1048576K
}
Event: 802.674 GC heap after
{Heap after GC invocations=74 (full 64):
 garbage-first heap   total 75776K, used 24416K [0x00000000c0000000, 0x0000000100000000)
  region size 1024K, 0 young (0K), 0 survivors (0K)
 Metaspace       used 38805K, committed 39424K, reserved 1114112K
  class space    used 5119K, committed 5376K, reserved 1048576K
}
Event: 823.044 GC heap before
{Heap before GC invocations=74 (full 64):
 garbage-first heap   total 75776K, used 24416K [0x00000000c0000000, 0x0000000100000000)
  region size 1024K, 1 young (1024K), 0 survivors (0K)
 Metaspace       used 38805K, committed 39424K, reserved 1114112K
  class space    used 5119K, committed 5376K, reserved 1048576K
}
Event: 823.078 GC heap after
{Heap after GC invocations=75 (full 65):
 garbage-first heap   total 75776K, used 24416K [0x00000000c0000000, 0x0000000100000000)
  region size 1024K, 0 young (0K), 0 survivors (0K)
 Metaspace       used 38805K, committed 39424K, reserved 1114112K
  class space    used 5119K, committed 5376K, reserved 1048576K
}
Event: 844.698 GC heap before
{Heap before GC invocations=75 (full 65):
 garbage-first heap   total 75776K, used 24416K [0x00000000c0000000, 0x0000000100000000)
  region size 1024K, 1 young (1024K), 0 survivors (0K)
 Metaspace       used 38805K, committed 39424K, reserved 1114112K
  class space    used 5119K, committed 5376K, reserved 1048576K
}
Event: 844.733 GC heap after
{Heap after GC invocations=76 (full 66):
 garbage-first heap   total 75776K, used 24416K [0x00000000c0000000, 0x0000000100000000)
  region size 1024K, 0 young (0K), 0 survivors (0K)
 Metaspace       used 38805K, committed 39424K, reserved 1114112K
  class space    used 5119K, committed 5376K, reserved 1048576K
}
Event: 857.290 GC heap before
{Heap before GC invocations=76 (full 66):
 garbage-first heap   total 75776K, used 24416K [0x00000000c0000000, 0x0000000100000000)
  region size 1024K, 1 young (1024K), 0 survivors (0K)
 Metaspace       used 38805K, committed 39424K, reserved 1114112K
  class space    used 5119K, committed 5376K, reserved 1048576K
}
Event: 857.331 GC heap after
{Heap after GC invocations=77 (full 67):
 garbage-first heap   total 75776K, used 24416K [0x00000000c0000000, 0x0000000100000000)
  region size 1024K, 0 young (0K), 0 survivors (0K)
 Metaspace       used 38805K, committed 39424K, reserved 1114112K
  class space    used 5119K, committed 5376K, reserved 1048576K
}
Event: 869.468 GC heap before
{Heap before GC invocations=77 (full 67):
 garbage-first heap   total 75776K, used 24416K [0x00000000c0000000, 0x0000000100000000)
  region size 1024K, 1 young (1024K), 0 survivors (0K)
 Metaspace       used 38805K, committed 39424K, reserved 1114112K
  class space    used 5119K, committed 5376K, reserved 1048576K
}
Event: 869.500 GC heap after
{Heap after GC invocations=78 (full 68):
 garbage-first heap   total 75776K, used 24416K [0x00000000c0000000, 0x0000000100000000)
  region size 1024K, 0 young (0K), 0 survivors (0K)
 Metaspace       used 38805K, committed 39424K, reserved 1114112K
  class space    used 5119K, committed 5376K, reserved 1048576K
}
Event: 881.429 GC heap before
{Heap before GC invocations=78 (full 68):
 garbage-first heap   total 75776K, used 24416K [0x00000000c0000000, 0x0000000100000000)
  region size 1024K, 1 young (1024K), 0 survivors (0K)
 Metaspace       used 38805K, committed 39424K, reserved 1114112K
  class space    used 5119K, committed 5376K, reserved 1048576K
}
Event: 881.467 GC heap after
{Heap after GC invocations=79 (full 69):
 garbage-first heap   total 75776K, used 24416K [0x00000000c0000000, 0x0000000100000000)
  region size 1024K, 0 young (0K), 0 survivors (0K)
 Metaspace       used 38805K, committed 39424K, reserved 1114112K
  class space    used 5119K, committed 5376K, reserved 1048576K
}
Event: 894.550 GC heap before
{Heap before GC invocations=79 (full 69):
 garbage-first heap   total 75776K, used 24416K [0x00000000c0000000, 0x0000000100000000)
  region size 1024K, 1 young (1024K), 0 survivors (0K)
 Metaspace       used 38805K, committed 39424K, reserved 1114112K
  class space    used 5119K, committed 5376K, reserved 1048576K
}
Event: 894.575 GC heap after
{Heap after GC invocations=80 (full 70):
 garbage-first heap   total 75776K, used 24416K [0x00000000c0000000, 0x0000000100000000)
  region size 1024K, 0 young (0K), 0 survivors (0K)
 Metaspace       used 38805K, committed 39424K, reserved 1114112K
  class space    used 5119K, committed 5376K, reserved 1048576K
}
Event: 906.588 GC heap before
{Heap before GC invocations=80 (full 70):
 garbage-first heap   total 75776K, used 24416K [0x00000000c0000000, 0x0000000100000000)
  region size 1024K, 1 young (1024K), 0 survivors (0K)
 Metaspace       used 38805K, committed 39424K, reserved 1114112K
  class space    used 5119K, committed 5376K, reserved 1048576K
}
Event: 906.620 GC heap after
{Heap after GC invocations=81 (full 71):
 garbage-first heap   total 75776K, used 24416K [0x00000000c0000000, 0x0000000100000000)
  region size 1024K, 0 young (0K), 0 survivors (0K)
 Metaspace       used 38805K, committed 39424K, reserved 1114112K
  class space    used 5119K, committed 5376K, reserved 1048576K
}
Event: 919.360 GC heap before
{Heap before GC invocations=81 (full 71):
 garbage-first heap   total 75776K, used 24416K [0x00000000c0000000, 0x0000000100000000)
  region size 1024K, 1 young (1024K), 0 survivors (0K)
 Metaspace       used 38805K, committed 39424K, reserved 1114112K
  class space    used 5119K, committed 5376K, reserved 1048576K
}
Event: 919.396 GC heap after
{Heap after GC invocations=82 (full 72):
 garbage-first heap   total 75776K, used 24416K [0x00000000c0000000, 0x0000000100000000)
  region size 1024K, 0 young (0K), 0 survivors (0K)
 Metaspace       used 38805K, committed 39424K, reserved 1114112K
  class space    used 5119K, committed 5376K, reserved 1048576K
}

